mode: atomic
github.com/adamdecaf/aba/main.go:22.13,28.16 4 0
github.com/adamdecaf/aba/main.go:28.16,31.3 2 0
github.com/adamdecaf/aba/main.go:33.2,33.9 1 0
github.com/adamdecaf/aba/main.go:34.16,35.45 1 0
github.com/adamdecaf/aba/main.go:36.17,37.47 1 0
github.com/adamdecaf/aba/main.go:38.10,39.29 1 0
github.com/adamdecaf/aba/main.go:43.50,44.21 1 0
github.com/adamdecaf/aba/main.go:44.21,47.3 2 0
github.com/adamdecaf/aba/main.go:48.2,48.14 1 0
github.com/adamdecaf/aba/main.go:51.84,53.16 2 0
github.com/adamdecaf/aba/main.go:53.16,55.3 1 0
github.com/adamdecaf/aba/main.go:57.2,60.9 3 0
github.com/adamdecaf/aba/main.go:61.16,62.22 1 0
github.com/adamdecaf/aba/main.go:63.17,64.23 1 0
github.com/adamdecaf/aba/main.go:65.10,66.46 1 0
github.com/adamdecaf/aba/main.go:69.2,73.16 2 0
github.com/adamdecaf/aba/main.go:73.16,75.3 1 0
github.com/adamdecaf/aba/main.go:77.2,77.18 1 0
github.com/adamdecaf/aba/main.go:80.63,85.33 4 0
github.com/adamdecaf/aba/main.go:85.33,90.3 2 0
github.com/adamdecaf/aba/main.go:93.65,98.33 4 0
github.com/adamdecaf/aba/main.go:98.33,107.3 2 0
